[crsorgi.gov.in_443/web/index.php/auth/login.html]
[backblue.gif]
[fade.gif]
[index.html]
[crsorgi.gov.in_443/web/css/style.css]
[crsorgi.gov.in_443/web/css/default.css]
[crsorgi.gov.in_443/web/css/main.css]
[crsorgi.gov.in_443/web/css/jquery-ui-1.10.0.custom.css]
[crsorgi.gov.in_443/web/css/login_style.css]
[crsorgi.gov.in_443/web/js/mm_menu.js]
[crsorgi.gov.in_443/web/js/jquery-1.9.0.js]
[crsorgi.gov.in_443/web/js/jquery-ui-1.10.0.custom.js]
[crsorgi.gov.in_443/web/js/json_parse.js]
[crsorgi.gov.in_443/web/js/jquery.ui.core.js]
[crsorgi.gov.in_443/web/js/jquery-1.5.1.js]
[crsorgi.gov.in_443/web/js/jquery.validate.js]
[crsorgi.gov.in_443/web/js/base64EncodeDecode.js]
[crsorgi.gov.in_443/web/content/styles.min.css]
[crsorgi.gov.in_443/web/content/stylemain.css]
[crsorgi.gov.in_443/web/content/style.css]
[crsorgi.gov.in_443/web/content/jquery.js]
[crsorgi.gov.in_443/web/content/scripts.js]
[crsorgi.gov.in_443/web/content/anylinkmenu.css]
[crsorgi.gov.in_443/web/content/anylinkmenu.js]
[crsorgi.gov.in_443/web/content/menucontents.js]
[crsorgi.gov.in_443/web/js/jquery3.1.js]
[crsorgi.gov.in_443/web/images-other/bg.png]
[crsorgi.gov.in_443/web/images-other/tophd.png]
[crsorgi.gov.in_443/web/images-other/topnav.png]
[crsorgi.gov.in_443/web/images-other/slide1.jpg]
[crsorgi.gov.in_443/web/images-other/slide2.jpg]
[crsorgi.gov.in_443/web/images-other/slide3.jpg]
[crsorgi.gov.in_443/web/images-other/registar.png]
[crsorgi.gov.in_443/web/images-other/centfoo2.png]
[crsorgi.gov.in_443/web/images-other/instition2.png]
[crsorgi.gov.in_443/web/images-other/public2.png]
[crsorgi.gov.in_443/web/images-other/log-bg.png]
[crsorgi.gov.in_443/web/index.php/auth/forgotPassword.html]
[crsorgi.gov.in_443/web/index.php/auth/signUp.html]
[crsorgi.gov.in_443/web/images-other/footbot.png]
[crsorgi.gov.in_443/web/index.php/auth/login.html]
[crsorgi.gov.in_443/web/images/header-top-strip.jpg]
[crsorgi.gov.in_443/web/images/herader-right-bg.jpg]
[crsorgi.gov.in_443/web/images/top-menu-bg.jpg]
[crsorgi.gov.in_443/web/images/top-title-strip.jpg]
[crsorgi.gov.in_443/web/images/doted-bull.gif]
[crsorgi.gov.in_443/web/images/none-bull.gif]
[crsorgi.gov.in_443/web/images/welcome-strip-bg.jpg]
[crsorgi.gov.in_443/web/images/form-title-strip.jpg]
[crsorgi.gov.in_443/web/images/water-mark.gif]
[crsorgi.gov.in_443/web/images/busy.gif]
[crsorgi.gov.in_443/web/images/cla-edit.jpg]
[crsorgi.gov.in_443/web/css/style.css]
[crsorgi.gov.in_443/web/css/default.css]
[crsorgi.gov.in_443/web/images/btn-bg.gif]
[crsorgi.gov.in_443/web/images/refresh1.png]
[crsorgi.gov.in_443/web/images/tooltip-arrow.gif]
[crsorgi.gov.in_443/web/images/submit-btn.jpg]
[crsorgi.gov.in_443/web/css/main.css]
[crsorgi.gov.in_443/web/css/jquery.ui.base.css]
[crsorgi.gov.in_443/web/css/jquery.ui.theme.css]
[crsorgi.gov.in_443/web/css/jquery.ui.all.css]
[crsorgi.gov.in_443/web/css/jquery-ui-1.10.0.custom.css]
[crsorgi.gov.in_443/web/images/login-btn.jpg]
[crsorgi.gov.in_443/web/css/login_style.css]
[avada.theme-fusion.com/wp-content/themes/Avada/images/colorpicker/style_arrow.40.delayed]
[crsorgi.gov.in_443/web/content/styles.min.css]
[crsorgi.gov.in_443/web/images-other/reltop1.gif]
[crsorgi.gov.in_443/web/images-other/acordbot.gif]
[crsorgi.gov.in_443/web/images-other/tabbot-hov.gif]
[crsorgi.gov.in_443/web/images-other/tabbot.gif]
[crsorgi.gov.in_443/web/content/stylemain.css]
[crsorgi.gov.in_443/web/images-other/silde-nav.png]
[crsorgi.gov.in_443/web/images-other/nav.png]
[crsorgi.gov.in_443/web/images-other/login-btn.jpg]
[crsorgi.gov.in_443/web/content/style.css]
[crsorgi.gov.in_443/web/content/anylinkmenu.css]
[crsorgi.gov.in_443/web/css/forgot_style.css]
[crsorgi.gov.in_443/web/index.php/auth/forgotPassword.html]
[crsorgi.gov.in_443/web/content/encmd5.js]
[crsorgi.gov.in_443/web/content/JScript.js]
[crsorgi.gov.in_443/web/content/hmac-sha256.js]
[crsorgi.gov.in_443/web/content/enc-base64-min.js]
[crsorgi.gov.in_443/web/js/form_birth.js]
[crsorgi.gov.in_443/web/js/jquery.ui.datepicker-new.js]
[crsorgi.gov.in_443/web/js/jquery.ui.widget.js]
[crsorgi.gov.in_443/web/js/unicef.js]
[crsorgi.gov.in_443/web/js/jquery.blockUI.js]
[crsorgi.gov.in_443/web/images/ajax-loader.gif]
[crsorgi.gov.in_443/web/images-other/signbg.png]
[crsorgi.gov.in_443/web/images-other/signup.png]
[crsorgi.gov.in_443/web/images/bg.png]
[crsorgi.gov.in_443/web/index.php/auth/signUp.html]
[crsorgi.gov.in_443/web/css/jquery.ui.button.css]
[crsorgi.gov.in_443/web/css/jquery.ui.datepicker.css]
[crsorgi.gov.in_443/web/css/jquery.ui.base.css]
[crsorgi.gov.in_443/web/images/ui-icons_222222_256x240.png]
[crsorgi.gov.in_443/web/images/ui-icons_888888_256x240.png]
[crsorgi.gov.in_443/web/images/ui-icons_454545_256x240.png]
[crsorgi.gov.in_443/web/images/ui-icons_2e83ff_256x240.png]
[crsorgi.gov.in_443/web/images/ui-icons_cd0a0a_256x240.png]
[crsorgi.gov.in_443/web/images/ui-bg_flat_0_aaaaaa_40x100.png]
[crsorgi.gov.in_443/web/css/jquery.ui.theme.css]
[avada.theme-fusion.com/wp-content/themes/Avada/images/colorpicker/style_arrow.html]
[crsorgi.gov.in_443/web/images/login-forgot.jpg]
[crsorgi.gov.in_443/web/css/forgot_style.css]
[crsorgi.gov.in_443/web/index.php/auth/getGramPanchayat.html]
[crsorgi.gov.in_443/web/css/jquery.ui.button.css]
[crsorgi.gov.in_443/web/css/jquery.ui.datepicker.css]
